<?xml version="1.0" encoding="UTF-8"?>
<!-- Generated by org.testng.reporters.JUnitXMLReporter -->
<testsuite ignored="0" hostname="DESKTOP-641106N" failures="1" tests="1" name="Test-Chrome" time="183.687" errors="0" timestamp="2026-03-20T18:43:56 IST">
  <testcase classname="testCase.TC001_AccountRegister" name="verify_account_reg" time="180.547">
    <failure type="java.lang.AssertionError" message="null">
      <![CDATA[java.lang.AssertionError: null
at testCase.TC001_AccountRegister.verify_account_reg(TC001_AccountRegister.java:50)
at java.base/java.util.ArrayList.forEach(ArrayList.java:1597)
at java.base/java.util.concurrent.FutureTask.run(FutureTask.java:317)
at java.base/java.util.concurrent.ThreadPoolExecutor.runWorker(ThreadPoolExecutor.java:1144)
at java.base/java.util.concurrent.ThreadPoolExecutor$Worker.run(ThreadPoolExecutor.java:642)
at java.base/java.lang.Thread.run(Thread.java:1570)
... Removed 17 stack frames]]>
    </failure>
  </testcase> <!-- verify_account_reg -->
</testsuite> <!-- Test-Chrome -->
