<?xml version="1.0" encoding="UTF-8"?>
<!-- Generated by org.testng.reporters.JUnitXMLReporter -->
<testsuite ignored="0" hostname="DESKTOP-641106N" failures="0" tests="7" name="Test" time="42.574" errors="0" timestamp="2026-03-20T20:02:36 IST">
  <testcase classname="testCase.TC001_AccountRegister" name="verify_account_reg" time="1.174"/>
  <testcase classname="testCase.TC002_Login" name="verfiylogin" time="0.957"/>
  <testcase classname="testCase.TC003_LoginDDT" name="verify_loginDDT" time="1.032"/>
  <testcase classname="testCase.TC003_LoginDDT" name="verify_loginDDT" time="10.52"/>
  <testcase classname="testCase.TC003_LoginDDT" name="verify_loginDDT" time="10.462"/>
  <testcase classname="testCase.TC003_LoginDDT" name="verify_loginDDT" time="10.533"/>
  <testcase classname="testCase.TC003_LoginDDT" name="verify_loginDDT" time="0.972"/>
</testsuite> <!-- Test -->
