<?xml version="1.0" encoding="UTF-8"?>
<!-- Generated by org.testng.reporters.JUnitXMLReporter -->
<testsuite ignored="0" hostname="DESKTOP-641106N" failures="1" tests="1" name="Test(failed)" time="3.294" errors="0" timestamp="2026-03-20T16:52:06 IST">
  <testcase classname="testCase.TC001_AccountRegister" name="verify_account_reg" time="1.095">
    <failure type="java.lang.AssertionError" message="expected [true] but found [false]">
      <![CDATA[java.lang.AssertionError: expected [true] but found [false]
at testCase.TC001_AccountRegister.verify_account_reg(TC001_AccountRegister.java:44)
at java.base/java.util.ArrayList.forEach(ArrayList.java:1597)
... Removed 29 stack frames]]>
    </failure>
  </testcase> <!-- verify_account_reg -->
</testsuite> <!-- Test(failed) -->
