<?xml version="1.0" encoding="UTF-8"?>
<testng-results ignored="0" total="2" passed="2" failed="0" skipped="0">
  <reporter-output>
  </reporter-output>
  <suite started-at="2026-03-23T10:52:37 IST" name="Suite" finished-at="2026-03-23T10:52:42 IST" duration-ms="4790">
    <groups>
      <group name="Master">
        <method signature="TC001_AccountRegister.verify_account_reg()[pri:0, instance:testCase.TC001_AccountRegister@7b9a4292]" name="verify_account_reg" class="testCase.TC001_AccountRegister"/>
        <method signature="TC002_Login.verfiylogin()[pri:0, instance:testCase.TC002_Login@9f116cc]" name="verfiylogin" class="testCase.TC002_Login"/>
      </group> <!-- Master -->
      <group name="Sanity">
        <method signature="TC002_Login.verfiylogin()[pri:0, instance:testCase.TC002_Login@9f116cc]" name="verfiylogin" class="testCase.TC002_Login"/>
      </group> <!-- Sanity -->
      <group name="Regression">
        <method signature="TC001_AccountRegister.verify_account_reg()[pri:0, instance:testCase.TC001_AccountRegister@7b9a4292]" name="verify_account_reg" class="testCase.TC001_AccountRegister"/>
      </group> <!-- Regression -->
    </groups>
    <test started-at="2026-03-23T10:52:37 IST" name="Test" finished-at="2026-03-23T10:52:42 IST" duration-ms="4790">
      <class name="testCase.TC001_AccountRegister">
        <test-method is-config="true" signature="setup(java.lang.String,java.lang.String)[pri:0, instance:testCase.TC001_AccountRegister@7b9a4292]" started-at="2026-03-23T10:52:38 IST" name="setup" finished-at="2026-03-23T10:52:39 IST" duration-ms="1671" status="PASS">
          <params>
            <param index="0">
              <value>
                <![CDATA[windows]]>
              </value>
            </param>
            <param index="1">
              <value>
                <![CDATA[chrome]]>
              </value>
            </param>
          </params>
          <reporter-output>
          </reporter-output>
        </test-method> <!-- setup -->
        <test-method signature="verify_account_reg()[pri:0, instance:testCase.TC001_AccountRegister@7b9a4292]" started-at="2026-03-23T10:52:39 IST" name="verify_account_reg" finished-at="2026-03-23T10:52:40 IST" duration-ms="990" status="PASS">
          <reporter-output>
          </reporter-output>
        </test-method> <!-- verify_account_reg -->
        <test-method is-config="true" signature="close()[pri:0, instance:testCase.TC001_AccountRegister@7b9a4292]" started-at="2026-03-23T10:52:40 IST" name="close" finished-at="2026-03-23T10:52:40 IST" duration-ms="123" status="PASS">
          <reporter-output>
          </reporter-output>
        </test-method> <!-- close -->
      </class> <!-- testCase.TC001_AccountRegister -->
      <class name="testCase.TC002_Login">
        <test-method is-config="true" signature="setup(java.lang.String,java.lang.String)[pri:0, instance:testCase.TC002_Login@9f116cc]" started-at="2026-03-23T10:52:40 IST" name="setup" finished-at="2026-03-23T10:52:41 IST" duration-ms="994" status="PASS">
          <params>
            <param index="0">
              <value>
                <![CDATA[windows]]>
              </value>
            </param>
            <param index="1">
              <value>
                <![CDATA[chrome]]>
              </value>
            </param>
          </params>
          <reporter-output>
          </reporter-output>
        </test-method> <!-- setup -->
        <test-method signature="verfiylogin()[pri:0, instance:testCase.TC002_Login@9f116cc]" started-at="2026-03-23T10:52:41 IST" name="verfiylogin" finished-at="2026-03-23T10:52:42 IST" duration-ms="710" status="PASS">
          <reporter-output>
          </reporter-output>
        </test-method> <!-- verfiylogin -->
        <test-method is-config="true" signature="close()[pri:0, instance:testCase.TC002_Login@9f116cc]" started-at="2026-03-23T10:52:42 IST" name="close" finished-at="2026-03-23T10:52:42 IST" duration-ms="110" status="PASS">
          <reporter-output>
          </reporter-output>
        </test-method> <!-- close -->
      </class> <!-- testCase.TC002_Login -->
    </test> <!-- Test -->
  </suite> <!-- Suite -->
</testng-results>
