<?xml version="1.0" encoding="UTF-8"?>
<testsuite xmlns:xsi="http://www.w3.org/2001/XMLSchema-instance" xsi:noNamespaceSchemaLocation="https://maven.apache.org/surefire/maven-surefire-plugin/xsd/surefire-test-report-3.0.xsd" version="3.0" name="TestSuite" time="6.461" tests="2" errors="0" skipped="0" failures="0">
  <properties>
[...]
</properties>
  <testcase name="verify_account_reg" classname="testCase.TC001_AccountRegister" time="0.999">
    <system-err><![CDATA[SLF4J(W): No SLF4J providers were found.
SLF4J(W): Defaulting to no-operation (NOP) logger implementation
SLF4J(W): See https://www.slf4j.org/codes.html#noProviders for further details.
2026-03-23T05:22:38.373291200Z main INFO Starting configuration XmlConfiguration[location=C:\Users\BALAJI\Selenium-Java\Ecomv0.1\target\test-classes\log4j2.xml, lastModified=2026-03-20T05:36:49.015Z]...
2026-03-23T05:22:38.374293300Z main INFO Configuration XmlConfiguration[location=C:\Users\BALAJI\Selenium-Java\Ecomv0.1\target\test-classes\log4j2.xml, lastModified=2026-03-20T05:36:49.015Z] started.
2026-03-23T05:22:38.375294700Z main INFO Stopping configuration org.apache.logging.log4j.core.config.DefaultConfiguration@663411de...
2026-03-23T05:22:38.376292300Z main INFO Configuration org.apache.logging.log4j.core.config.DefaultConfiguration@663411de stopped.
Mar 23, 2026 10:52:39 AM org.openqa.selenium.devtools.CdpVersionFinder findNearestMatch
WARNING: Unable to find an exact match for CDP version 146, returning the closest version; found: 145; Please update to a Selenium version that supports CDP version 146
]]></system-err>
  </testcase>
  <testcase name="verfiylogin" classname="testCase.TC002_Login" time="0.711">
    <system-err><![CDATA[Mar 23, 2026 10:52:41 AM org.openqa.selenium.devtools.CdpVersionFinder findNearestMatch
WARNING: Unable to find an exact match for CDP version 146, returning the closest version; found: 145; Please update to a Selenium version that supports CDP version 146
]]></system-err>
  </testcase>
</testsuite>