<?xml version="1.0" encoding="UTF-8"?>
<!-- Generated by org.testng.reporters.JUnitReportReporter -->
<testsuite hostname="DESKTOP-641106N" failures="0" tests="5" name="testCase.TC003_LoginDDT" time="33.519" errors="0" timestamp="2026-03-20T20:02:36 IST" skipped="0">
  <testcase classname="testCase.TC003_LoginDDT" name="verify_loginDDT" time="1.032"/>
  <testcase classname="testCase.TC003_LoginDDT" name="verify_loginDDT" time="10.533"/>
  <testcase classname="testCase.TC003_LoginDDT" name="verify_loginDDT" time="0.972"/>
  <testcase classname="testCase.TC003_LoginDDT" name="verify_loginDDT" time="10.520"/>
  <testcase classname="testCase.TC003_LoginDDT" name="verify_loginDDT" time="10.462"/>
</testsuite> <!-- testCase.TC003_LoginDDT -->
